2023-07-14 12:09:54,092 root INFO: loading config name=std.yml path=/Users/sudeep/dev/rivet, processed={}
2023-07-14 12:09:54,093 root INFO: loading config name=sj.yml path=, processed={'std.yml': 'done'}
2023-07-14 12:09:54,096 root INFO: loading config name=math.yml path=/Users/sudeep/dev/rivet, processed={'std.yml': 'done'}
2023-07-14 12:09:54,098 root INFO: running flow level=0 name=bintest
2023-07-14 12:09:54,098 root INFO: running step level=0 desc=[std.parse-as-kv] name=std.parse-as-kv
2023-07-14 12:09:54,098 root INFO: running function unit name=std.parse-as-kv fn=parse_args_to_kv
2023-07-14 12:09:54,098 root INFO: function ret: None
2023-07-14 12:09:54,098 root INFO: vmap after level=0 step=std.parse-as-kv vmap={'cli_args': ['x=10', 'y=20'], 'x': 10, 'y': 20} last_ret=None
2023-07-14 12:09:54,099 root INFO: running step level=0 desc=[binomial] name=binomial
2023-07-14 12:09:54,099 root INFO: running flow level=1 name=binomial
2023-07-14 12:09:54,099 root INFO: running step level=1 desc=[add number] name=add-nums
2023-07-14 12:09:54,099 root INFO: running function unit name=add-nums fn=add
2023-07-14 12:09:54,099 root INFO: function ret: 30
2023-07-14 12:09:54,099 root INFO: vmap after level=1 step=add-nums vmap={'x': 10, 'y': 20} last_ret=30
2023-07-14 12:09:54,099 root INFO: running step level=1 desc=[square the number] name=square-num
2023-07-14 12:09:54,099 root INFO: running flow level=2 name=square-num
2023-07-14 12:09:54,099 root INFO: running step level=2 desc=[mul number] name=mul-nums
2023-07-14 12:09:54,099 root INFO: running function unit name=mul-nums fn=mul
2023-07-14 12:09:54,099 root INFO: function ret: 900
2023-07-14 12:09:54,099 root INFO: vmap after level=2 step=mul-nums vmap={'x': 30} last_ret=900
2023-07-14 12:09:54,099 root INFO: mapping output for flow level=2 name=square-num
2023-07-14 12:09:54,099 root INFO: ctx after flow level=2 name=square-num vmap={'x': 30} ret={'result': 900}
2023-07-14 12:09:54,099 root INFO: ret after run_flow_unit. level=1 step=square-num ret={'result': 900}
2023-07-14 12:09:54,099 root INFO: vmap after level=1 step=square-num vmap={'x': 10, 'y': 20, 'result': 900} last_ret=30
2023-07-14 12:09:54,099 root INFO: mapping output for flow level=1 name=binomial
2023-07-14 12:09:54,099 root INFO: ctx after flow level=1 name=binomial vmap={'x': 10, 'y': 20, 'result': 900} ret={'result': 900}
2023-07-14 12:09:54,099 root INFO: ret after run_flow_unit. level=0 step=binomial ret={'result': 900}
2023-07-14 12:09:54,099 root INFO: vmap after level=0 step=binomial vmap={'cli_args': ['x=10', 'y=20'], 'x': 10, 'y': 20, 'result': 900} last_ret=None
2023-07-14 12:09:54,099 root INFO: mapping output for flow level=0 name=bintest
2023-07-14 12:09:54,099 root INFO: ctx after flow level=0 name=bintest vmap={'cli_args': ['x=10', 'y=20'], 'x': 10, 'y': 20, 'result': 900} ret={'result': 900}
